Trace Logger:	2021/03/24 12:01:01 db.go:25: Connected to database
Trace Logger:	2021/03/24 21:19:03 db.go:25: Connected to database
Trace Logger:	2021/03/24 21:32:01 db.go:25: Connected to database
Trace Logger:	2021/03/24 21:33:23 db.go:25: Connected to database
Trace Logger:	2021/03/24 21:40:33 db.go:25: Connected to database
Trace Logger:	2021/03/24 21:45:18 user.go:89: Signup successfully!
Trace Logger:	2021/03/24 21:46:05 user.go:89: Signup successfully!
Trace Logger:	2021/03/24 21:47:26 db.go:25: Connected to database
Trace Logger:	2021/03/24 21:47:57 user.go:89: Signup successfully!
Trace Logger:	2021/03/24 21:48:14 user.go:89: Signup successfully!
Trace Logger:	2021/03/24 21:48:22 user.go:130: Login successfully!
Trace Logger:	2021/03/24 21:49:57 db.go:25: Connected to database
Trace Logger:	2021/03/24 21:50:25 user.go:89: Signup successfully!
Trace Logger:	2021/03/24 21:50:38 user.go:130: Login successfully!
Trace Logger:	2021/03/24 21:54:51 db.go:25: Connected to database
Trace Logger:	2021/03/24 21:55:17 user.go:89: Signup successfully!
Trace Logger:	2021/03/24 21:55:27 user.go:130: Login successfully!
Trace Logger:	2021/03/24 22:00:39 db.go:25: Connected to database
Trace Logger:	2021/03/24 22:01:03 user.go:89: Signup successfully!
Trace Logger:	2021/03/24 22:01:14 user.go:130: Login successfully!
Trace Logger:	2021/03/24 22:02:55 db.go:25: Connected to database
Trace Logger:	2021/03/24 22:03:17 user.go:89: Signup successfully!
Trace Logger:	2021/03/24 22:03:28 user.go:130: Login successfully!
Trace Logger:	2021/03/24 22:04:32 db.go:25: Connected to database
Trace Logger:	2021/03/24 22:04:50 user.go:89: Signup successfully!
Trace Logger:	2021/03/24 22:07:34 db.go:25: Connected to database
Trace Logger:	2021/03/24 22:08:01 user.go:89: Signup successfully!
Trace Logger:	2021/03/24 22:08:13 user.go:130: Login successfully!
Trace Logger:	2021/03/24 22:09:37 db.go:25: Connected to database
Trace Logger:	2021/03/24 22:10:00 user.go:89: Signup successfully!
Trace Logger:	2021/03/24 22:10:09 user.go:130: Login successfully!
Trace Logger:	2021/03/24 22:11:54 db.go:25: Connected to database
Trace Logger:	2021/03/24 22:12:15 user.go:89: Signup successfully!
Trace Logger:	2021/03/24 22:12:24 user.go:130: Login successfully!
Trace Logger:	2021/03/24 22:14:00 db.go:25: Connected to database
Trace Logger:	2021/03/24 22:14:24 user.go:89: Signup successfully!
Trace Logger:	2021/03/24 22:14:33 user.go:130: Login successfully!
Trace Logger:	2021/03/24 22:15:19 db.go:25: Connected to database
Trace Logger:	2021/03/24 22:15:48 user.go:89: Signup successfully!
Trace Logger:	2021/03/24 22:15:56 user.go:130: Login successfully!
Trace Logger:	2021/03/24 22:18:45 db.go:25: Connected to database
Trace Logger:	2021/03/24 22:19:10 user.go:89: Signup successfully!
Trace Logger:	2021/03/24 22:19:21 user.go:130: Login successfully!
Trace Logger:	2021/03/24 22:20:31 db.go:25: Connected to database
Trace Logger:	2021/03/24 22:21:00 user.go:89: Signup successfully!
Trace Logger:	2021/03/24 22:21:09 user.go:130: Login successfully!
Trace Logger:	2021/03/24 22:22:47 db.go:25: Connected to database
Trace Logger:	2021/03/24 22:23:09 user.go:89: Signup successfully!
Trace Logger:	2021/03/24 22:24:24 db.go:25: Connected to database
Trace Logger:	2021/03/24 22:24:42 user.go:89: Signup successfully!
Trace Logger:	2021/03/24 22:25:18 appointment.go:159: Appointment created
Warning Logger:	2021/03/24 22:25:36 doctor.go:169: Doctor ID can not delete if it is scheduled already for appointment
Warning Logger:	2021/03/24 22:25:41 doctorschedule.go:101: Doctor ID can not delete if it is scheduled already for appointment
Info Logger:	2021/03/24 22:25:48 patient.go:108: Patient's details deleted from database
Trace Logger:	2021/03/24 22:25:57 user.go:130: Login successfully!
Trace Logger:	2021/03/24 22:33:01 db.go:25: Connected to database
Trace Logger:	2021/03/24 22:33:25 user.go:89: Signup successfully!
Trace Logger:	2021/03/24 22:33:38 user.go:130: Login successfully!
Trace Logger:	2021/03/24 22:42:42 db.go:25: Connected to database
Trace Logger:	2021/03/24 22:43:04 user.go:89: Signup successfully!
Trace Logger:	2021/03/24 22:43:11 user.go:89: Signup successfully!
Trace Logger:	2021/03/24 22:43:49 db.go:25: Connected to database
Trace Logger:	2021/03/24 22:44:07 user.go:89: Signup successfully!
Trace Logger:	2021/03/24 22:44:45 db.go:25: Connected to database
Trace Logger:	2021/03/24 22:45:02 user.go:89: Signup successfully!
Trace Logger:	2021/03/24 22:45:21 user.go:130: Login successfully!
Trace Logger:	2021/03/25 06:22:03 db.go:25: Connected to database
Trace Logger:	2021/03/25 06:23:00 user.go:89: Signup successfully!
Trace Logger:	2021/03/25 06:25:50 db.go:25: Connected to database
Trace Logger:	2021/03/25 06:26:22 user.go:89: Signup successfully!
Trace Logger:	2021/03/25 06:26:33 user.go:130: Login successfully!
Trace Logger:	2021/03/25 06:28:27 db.go:25: Connected to database
Trace Logger:	2021/03/25 06:29:11 user.go:89: Signup successfully!
Trace Logger:	2021/03/25 06:29:33 user.go:130: Login successfully!
Trace Logger:	2021/03/25 06:52:29 db.go:25: Connected to database
Trace Logger:	2021/03/25 06:52:56 user.go:89: Signup successfully!
Trace Logger:	2021/03/25 06:53:17 appointment.go:159: Appointment created
Trace Logger:	2021/03/25 06:53:46 user.go:130: Login successfully!
Trace Logger:	2021/03/25 06:53:54 user.go:130: Login successfully!
Trace Logger:	2021/03/25 06:55:05 db.go:25: Connected to database
Trace Logger:	2021/03/25 06:55:23 user.go:89: Signup successfully!
Trace Logger:	2021/03/25 06:56:41 db.go:25: Connected to database
Trace Logger:	2021/03/25 06:57:06 user.go:89: Signup successfully!
Trace Logger:	2021/03/25 06:57:28 user.go:130: Login successfully!
Trace Logger:	2021/03/25 06:59:01 db.go:25: Connected to database
Trace Logger:	2021/03/25 06:59:30 user.go:89: Signup successfully!
Trace Logger:	2021/03/25 06:59:43 user.go:130: Login successfully!
Trace Logger:	2021/03/25 06:59:53 user.go:130: Login successfully!
Trace Logger:	2021/03/25 07:00:30 db.go:25: Connected to database
Trace Logger:	2021/03/25 07:00:55 user.go:89: Signup successfully!
Trace Logger:	2021/03/25 07:05:35 db.go:25: Connected to database
Trace Logger:	2021/03/25 07:05:58 user.go:89: Signup successfully!
Trace Logger:	2021/03/25 07:06:10 user.go:130: Login successfully!
Trace Logger:	2021/03/25 07:07:02 db.go:25: Connected to database
Trace Logger:	2021/03/25 07:09:03 db.go:25: Connected to database
Trace Logger:	2021/03/25 07:09:25 user.go:89: Signup successfully!
Trace Logger:	2021/03/25 07:09:46 user.go:130: Login successfully!
Trace Logger:	2021/03/25 08:06:31 db.go:25: Connected to database
Trace Logger:	2021/03/25 08:07:06 user.go:89: Signup successfully!
Info Logger:	2021/03/25 08:07:17 appointment.go:185: Appointment details deleted from database
Info Logger:	2021/03/25 08:07:18 appointment.go:185: Appointment details deleted from database
Trace Logger:	2021/03/25 08:07:35 user.go:130: Login successfully!
Trace Logger:	2021/03/25 08:07:46 user.go:130: Login successfully!
Trace Logger:	2021/03/25 08:07:57 user.go:130: Login successfully!
Trace Logger:	2021/03/25 08:08:53 db.go:25: Connected to database
Trace Logger:	2021/03/25 08:10:26 db.go:25: Connected to database
Trace Logger:	2021/03/25 08:12:16 db.go:25: Connected to database
Trace Logger:	2021/03/25 08:13:03 user.go:89: Signup successfully!
Trace Logger:	2021/03/25 08:14:44 db.go:25: Connected to database
Trace Logger:	2021/03/25 08:14:57 user.go:130: Login successfully!
Trace Logger:	2021/03/25 08:15:07 user.go:130: Login successfully!
Trace Logger:	2021/03/25 08:15:27 user.go:89: Signup successfully!
Trace Logger:	2021/03/25 08:15:48 appointment.go:159: Appointment created
Trace Logger:	2021/03/25 08:16:16 user.go:130: Login successfully!
Trace Logger:	2021/03/25 08:35:29 db.go:25: Connected to database
